<?xml version="1.0" encoding="UTF-8"?>
<!-- Generated by org.testng.reporters.JUnitXMLReporter -->
<testsuite ignored="0" hostname="MCSW69SLPC0030" failures="1" tests="1" name="Default test(failed)" time="39.378" errors="0" timestamp="2025-02-03T20:59:26 IST">
  <testcase classname="testScripts.TestCase10" name="testCase10" time="28.251">
    <failure type="java.lang.AssertionError" message="The following asserts failed:
	expected [300 TC Cotton King Size Luxury 7 Pc Bedding Set (Heritage)] but found []">
      <![CDATA[java.lang.AssertionError: The following asserts failed:
expected [300 TC Cotton King Size Luxury 7 Pc Bedding Set (Heritage)] but found []
at testScripts.TestCase10.testCase10(TestCase10.java:72)
at java.base/java.util.ArrayList.forEach(ArrayList.java:1596)
... Removed 27 stack frames]]>
    </failure>
  </testcase> <!-- testCase10 -->
</testsuite> <!-- Default test(failed) -->
